2018-01-01T01:00:55.377+0000 I CONTROL  [initandlisten] MongoDB starting : pid=1928 port=27017 dbpath=/home/dustin/API/trackerApi/data 64-bit host=testing-server
2018-01-01T01:00:55.377+0000 I CONTROL  [initandlisten] db version v3.2.18
2018-01-01T01:00:55.377+0000 I CONTROL  [initandlisten] git version: 4c1bae566c0c00f996a2feb16febf84936ecaf6f
2018-01-01T01:00:55.377+0000 I CONTROL  [initandlisten] OpenSSL version: OpenSSL 1.0.2g  1 Mar 2016
2018-01-01T01:00:55.377+0000 I CONTROL  [initandlisten] allocator: tcmalloc
2018-01-01T01:00:55.377+0000 I CONTROL  [initandlisten] modules: none
2018-01-01T01:00:55.377+0000 I CONTROL  [initandlisten] build environment:
2018-01-01T01:00:55.377+0000 I CONTROL  [initandlisten]     distmod: ubuntu1604
2018-01-01T01:00:55.377+0000 I CONTROL  [initandlisten]     distarch: x86_64
2018-01-01T01:00:55.377+0000 I CONTROL  [initandlisten]     target_arch: x86_64
2018-01-01T01:00:55.377+0000 I CONTROL  [initandlisten] options: { processManagement: { fork: true }, storage: { dbPath: "data" }, systemLog: { destination: "file", path: "logs/mongodb.log" } }
2018-01-01T01:00:55.383+0000 I -        [initandlisten] Detected data files in /home/dustin/API/trackerApi/data created by the 'wiredTiger' storage engine, so setting the active storage engine to 'wiredTiger'.
2018-01-01T01:00:55.383+0000 I STORAGE  [initandlisten] wiredtiger_open config: create,cache_size=1G,session_max=20000,eviction=(threads_min=4,threads_max=4),config_base=false,statistics=(fast),log=(enabled=true,archive=true,path=journal,compressor=snappy),file_manager=(close_idle_time=100000),checkpoint=(wait=60,log_size=2GB),statistics_log=(wait=0),verbose=(recovery_progress),
2018-01-01T01:00:55.619+0000 I STORAGE  [initandlisten] WiredTiger [1514768455:619965][1928:0x7f7ea08c30c0], txn-recover: Main recovery loop: starting at 15/6144
2018-01-01T01:00:55.709+0000 I STORAGE  [initandlisten] WiredTiger [1514768455:709706][1928:0x7f7ea08c30c0], txn-recover: Recovering log 15 through 16
2018-01-01T01:00:55.710+0000 I STORAGE  [initandlisten] WiredTiger [1514768455:710352][1928:0x7f7ea08c30c0], txn-recover: Recovering log 16 through 16
2018-01-01T01:00:55.838+0000 I CONTROL  [initandlisten] 
2018-01-01T01:00:55.838+0000 I CONTROL  [initandlisten] ** WARNING: /sys/kernel/mm/transparent_hugepage/enabled is 'always'.
2018-01-01T01:00:55.838+0000 I CONTROL  [initandlisten] **        We suggest setting it to 'never'
2018-01-01T01:00:55.838+0000 I CONTROL  [initandlisten] 
2018-01-01T01:00:55.838+0000 I CONTROL  [initandlisten] ** WARNING: soft rlimits too low. rlimits set to 3782 processes, 1048576 files. Number of processes should be at least 524288 : 0.5 times number of files.
2018-01-01T01:00:55.838+0000 I CONTROL  [initandlisten] 
2018-01-01T01:00:55.847+0000 I FTDC     [initandlisten] Initializing full-time diagnostic data capture with directory '/home/dustin/API/trackerApi/data/diagnostic.data'
2018-01-01T01:00:55.847+0000 I NETWORK  [initandlisten] waiting for connections on port 27017
2018-01-01T01:00:55.850+0000 I NETWORK  [HostnameCanonicalizationWorker] Starting hostname canonicalization worker
2018-01-01T01:00:57.090+0000 I NETWORK  [initandlisten] connection accepted from 127.0.0.1:38872 #1 (1 connection now open)
